1	-1.05424e-20	0
2	-1.05385e-20	3.88658e-24
3	-1.05328e-20	6.14075e-24
4	-1.05251e-20	8.8825e-24
5	-1.05148e-20	1.23676e-23
6	-1.05017e-20	1.65106e-23
7	-1.04856e-20	2.12769e-23
8	-1.04661e-20	2.6829e-23
9	-1.04432e-20	3.29296e-23
10	-1.04166e-20	3.96964e-23
11	-1.0386e-20	4.71952e-23
12	-1.03512e-20	5.53766e-23
13	-1.03125e-20	6.39664e-23
14	-1.027e-20	7.2926e-23
15	-1.02238e-20	8.20787e-23
16	-1.01748e-20	9.1092e-23
17	-1.01238e-20	9.95986e-23
18	-1.00722e-20	1.0719e-22
19	-1.00209e-20	1.13605e-22
20	-9.97135e-21	1.18623e-22
21	-9.92453e-21	1.22163e-22
22	-9.88121e-21	1.24273e-22
23	-9.84181e-21	1.25112e-22
24	-9.80653e-21	1.24873e-22
25	-9.77527e-21	1.23787e-22
26	-9.74775e-21	1.22072e-22
27	-9.72367e-21	1.19907e-22
28	-9.70256e-21	1.17459e-22
29	-9.68404e-21	1.14839e-22
30	-9.66773e-21	1.12137e-22
31	-9.6533e-21	1.09415e-22
32	-9.64047e-21	1.06714e-22
33	-9.62906e-21	1.04058e-22
34	-9.61882e-21	1.01469e-22
35	-9.60964e-21	9.89538e-23
36	-9.6013e-21	9.65266e-23
37	-9.59361e-21	9.41963e-23
38	-9.58637e-21	9.19693e-23
39	-9.57946e-21	8.98466e-23
40	-9.57269e-21	8.78329e-23
41	-9.56593e-21	8.59299e-23
42	-9.55914e-21	8.4133e-23
43	-9.55225e-21	8.24422e-23
44	-9.54529e-21	8.08469e-23
45	-9.53832e-21	7.93368e-23
46	-9.53135e-21	7.79053e-23
47	-9.52444e-21	7.65416e-23
48	-9.51769e-21	7.52336e-23
49	-9.51118e-21	7.39694e-23
50	-9.50497e-21	7.27405e-23
51	-9.4991e-21	7.15408e-23
52	-9.49365e-21	7.03635e-23
53	-9.48859e-21	6.92078e-23
54	-9.48393e-21	6.8074e-23
55	-9.47964e-21	6.69623e-23
56	-9.47566e-21	6.58762e-23
57	-9.4719e-21	6.48193e-23
58	-9.46829e-21	6.37943e-23
59	-9.4648e-21	6.28006e-23
60	-9.46145e-21	6.18357e-23
61	-9.45822e-21	6.08995e-23
62	-9.45512e-21	5.99893e-23
63	-9.45217e-21	5.91028e-23
64	-9.44937e-21	5.82396e-23
65	-9.44673e-21	5.73972e-23
66	-9.44427e-21	5.65743e-23
67	-9.44195e-21	5.57719e-23
68	-9.43978e-21	5.49886e-23
69	-9.4377e-21	5.42257e-23
70	-9.43568e-21	5.34836e-23
71	-9.43367e-21	5.2763e-23
72	-9.43165e-21	5.20642e-23
73	-9.42962e-21	5.13862e-23
74	-9.42757e-21	5.07286e-23
75	-9.42556e-21	5.00881e-23
76	-9.42361e-21	4.94628e-23
77	-9.42177e-21	4.8851e-23
78	-9.42007e-21	4.82508e-23
79	-9.41851e-21	4.76616e-23
80	-9.41709e-21	4.70833e-23
81	-9.41583e-21	4.65155e-23
82	-9.41472e-21	4.59582e-23
83	-9.41373e-21	4.54118e-23
84	-9.41287e-21	4.48762e-23
85	-9.41208e-21	4.43522e-23
86	-9.41135e-21	4.38396e-23
87	-9.41063e-21	4.33386e-23
88	-9.40991e-21	4.28494e-23
89	-9.4091e-21	4.2373e-23
90	-9.40816e-21	4.19101e-23
91	-9.40704e-21	4.1462e-23
92	-9.40574e-21	4.10294e-23
93	-9.40425e-21	4.06132e-23
94	-9.40259e-21	4.02132e-23
95	-9.4008e-21	3.98277e-23
96	-9.39895e-21	3.94541e-23
97	-9.39706e-21	3.9091e-23
98	-9.39516e-21	3.87366e-23
99	-9.39326e-21	3.83902e-23
100	-9.39137e-21	3.80515e-23
1	-8.73391e-21	0
2	-8.72774e-21	6.17103e-24
3	-8.68734e-21	4.055e-23
4	-8.69141e-21	2.89609e-23
5	-8.68355e-21	2.37709e-23
6	-8.67315e-21	2.20215e-23
7	-8.67139e-21	1.86944e-23
8	-8.66432e-21	1.76659e-23
9	-8.66337e-21	1.56092e-23
10	-8.65836e-21	1.48326e-23
11	-8.65736e-21	1.34535e-23
12	-8.65853e-21	1.2337e-23
13	-8.65618e-21	1.15897e-23
14	-8.65259e-21	1.13149e-23
15	-8.64804e-21	1.14752e-23
16	-8.65226e-21	1.15335e-23
17	-8.65002e-21	1.10612e-23
18	-8.65409e-21	1.11928e-23
19	-8.65662e-21	1.08861e-23
20	-8.65855e-21	1.05059e-23
21	-8.65563e-21	1.04104e-23
22	-8.65583e-21	9.92803e-24
23	-8.65375e-21	9.71255e-24
24	-8.65555e-21	9.47129e-24
25	-8.65398e-21	9.21841e-24
26	-8.65308e-21	8.90316e-24
27	-8.65188e-21	8.65031e-24
28	-8.65188e-21	8.33565e-24
29	-8.65222e-21	8.05022e-24
30	-8.65422e-21	8.03222e-24
31	-8.65487e-21	7.7955e-24
32	-8.65444e-21	7.56038e-24
33	-8.65454e-21	7.32843e-24
34	-8.65355e-21	7.17834e-24
35	-8.65352e-21	6.97029e-24
36	-8.65213e-21	6.91412e-24
37	-8.65319e-21	6.80709e-24
38	-8.65475e-21	6.80734e-24
39	-8.65359e-21	6.73216e-24
40	-8.65431e-21	6.60151e-24
41	-8.65418e-21	6.43993e-24
42	-8.65382e-21	6.29473e-24
43	-8.65314e-21	6.18382e-24
44	-8.65287e-21	6.04767e-24
45	-8.65301e-21	5.91334e-24
46	-8.65193e-21	5.88318e-24
47	-8.65048e-21	5.93692e-24
48	-8.65105e-21	5.83945e-24
49	-8.65052e-21	5.74331e-24
50	-8.64942e-21	5.73286e-24
